{"numTotalTestSuites":58,"numPassedTestSuites":47,"numFailedTestSuites":11,"numPendingTestSuites":0,"numTotalTests":60,"numPassedTests":47,"numFailedTests":4,"numPendingTests":9,"numTodoTests":0,"snapshot":{"added":0,"failure":false,"filesAdded":0,"filesRemoved":0,"filesRemovedList":[],"filesUnmatched":0,"filesUpdated":0,"matched":0,"total":0,"unchecked":0,"uncheckedKeysByFile":[],"unmatched":0,"updated":0,"didUpdate":false},"startTime":1783448520147,"success":false,"testResults":[{"assertionResults":[{"ancestorTitles":["Admin Integration","Admin Dashboard"],"fullName":"Admin Integration Admin Dashboard should allow admin to get dashboard stats","status":"skipped","title":"should allow admin to get dashboard stats","failureMessages":[],"meta":{},"tags":[]},{"ancestorTitles":["Admin Integration","Admin Dashboard"],"fullName":"Admin Integration Admin Dashboard should block non-admin from getting dashboard stats","status":"skipped","title":"should block non-admin from getting dashboard stats","failureMessages":[],"meta":{},"tags":[]},{"ancestorTitles":["Admin Integration","Site Settings"],"fullName":"Admin Integration Site Settings should allow admin to update site settings","status":"skipped","title":"should allow admin to update site settings","failureMessages":[],"meta":{},"tags":[]},{"ancestorTitles":["Admin Integration","Site Settings"],"fullName":"Admin Integration Site Settings should allow public to get site settings","status":"skipped","title":"should allow public to get site settings","failureMessages":[],"meta":{},"tags":[]}],"startTime":1783448520147,"endTime":1783448520147,"status":"failed","message":"","name":"D:/UNSCH/2026-I/Aseguramiento y pruebas de calidad de Software/Proyectos/TechSpec_Ecommerce/backend/tests/integration/admin.test.ts"},{"assertionResults":[{"ancestorTitles":["Auth Integration","POST /api/auth/register"],"fullName":"Auth Integration POST /api/auth/register should register a new user successfully","status":"passed","title":"should register a new user successfully","duration":101.05939999999998,"failureMessages":[],"meta":{},"tags":[]},{"ancestorTitles":["Auth Integration","POST /api/auth/register"],"fullName":"Auth Integration POST /api/auth/register should return error if email is already in use","status":"failed","title":"should return error if email is already in use","duration":8.506400000000099,"failureMessages":["AssertionError: expected { status: 'error', …(2) } to have property \"error\"\n    at D:/UNSCH/2026-I/Aseguramiento y pruebas de calidad de Software/Proyectos/TechSpec_Ecommerce/backend/tests/integration/auth.test.ts:43:29\n    at processTicksAndRejections (node:internal/process/task_queues:105:5)\n    at file:///D:/UNSCH/2026-I/Aseguramiento%20y%20pruebas%20de%20calidad%20de%20Software/Proyectos/TechSpec_Ecommerce/backend/node_modules/@vitest/runner/dist/chunk-artifact.js:1903:20"],"meta":{},"tags":[]},{"ancestorTitles":["Auth Integration","POST /api/auth/login"],"fullName":"Auth Integration POST /api/auth/login should login user successfully","status":"passed","title":"should login user successfully","duration":54.5465999999999,"failureMessages":[],"meta":{},"tags":[]},{"ancestorTitles":["Auth Integration","POST /api/auth/login"],"fullName":"Auth Integration POST /api/auth/login should return error for invalid credentials","status":"passed","title":"should return error for invalid credentials","duration":53.41910000000007,"failureMessages":[],"meta":{},"tags":[]}],"startTime":1783448525929,"endTime":1783448526147.4192,"status":"failed","message":"","name":"D:/UNSCH/2026-I/Aseguramiento y pruebas de calidad de Software/Proyectos/TechSpec_Ecommerce/backend/tests/integration/auth.test.ts"},{"assertionResults":[{"ancestorTitles":["Catalog Integration (Products & Categories)","Categories API"],"fullName":"Catalog Integration (Products & Categories) Categories API should return empty list when no categories","status":"skipped","title":"should return empty list when no categories","failureMessages":[],"meta":{},"tags":[]},{"ancestorTitles":["Catalog Integration (Products & Categories)","Categories API"],"fullName":"Catalog Integration (Products & Categories) Categories API should return active categories","status":"skipped","title":"should return active categories","failureMessages":[],"meta":{},"tags":[]},{"ancestorTitles":["Catalog Integration (Products & Categories)","Products API"],"fullName":"Catalog Integration (Products & Categories) Products API should return empty list when no products","status":"skipped","title":"should return empty list when no products","failureMessages":[],"meta":{},"tags":[]},{"ancestorTitles":["Catalog Integration (Products & Categories)","Products API"],"fullName":"Catalog Integration (Products & Categories) Products API should return active products","status":"skipped","title":"should return active products","failureMessages":[],"meta":{},"tags":[]},{"ancestorTitles":["Catalog Integration (Products & Categories)","Products API"],"fullName":"Catalog Integration (Products & Categories) Products API should return a product by ID","status":"skipped","title":"should return a product by ID","failureMessages":[],"meta":{},"tags":[]}],"startTime":1783448520147,"endTime":1783448520147,"status":"failed","message":"","name":"D:/UNSCH/2026-I/Aseguramiento y pruebas de calidad de Software/Proyectos/TechSpec_Ecommerce/backend/tests/integration/catalog.test.ts"},{"assertionResults":[{"ancestorTitles":["Cart & Checkout Integration","Cart API"],"fullName":"Cart & Checkout Integration Cart API should add item to cart","status":"passed","title":"should add item to cart","duration":42.564899999999966,"failureMessages":[],"meta":{},"tags":[]},{"ancestorTitles":["Cart & Checkout Integration","Cart API"],"fullName":"Cart & Checkout Integration Cart API should get cart items","status":"failed","title":"should get cart items","duration":11.322799999999916,"failureMessages":["TypeError: Cannot read properties of undefined (reading 'length')\n    at D:/UNSCH/2026-I/Aseguramiento y pruebas de calidad de Software/Proyectos/TechSpec_Ecommerce/backend/tests/integration/checkout.test.ts:84:33\n    at processTicksAndRejections (node:internal/process/task_queues:105:5)\n    at file:///D:/UNSCH/2026-I/Aseguramiento%20y%20pruebas%20de%20calidad%20de%20Software/Proyectos/TechSpec_Ecommerce/backend/node_modules/@vitest/runner/dist/chunk-artifact.js:1903:20"],"meta":{},"tags":[]},{"ancestorTitles":["Cart & Checkout Integration","Checkout API"],"fullName":"Cart & Checkout Integration Checkout API should create an order from cart","status":"failed","title":"should create an order from cart","duration":30.600599999999986,"failureMessages":["TypeError: Cannot convert undefined or null to object\n    at Function.hasOwn (<anonymous>)\n    at getValue (file:///D:/UNSCH/2026-I/Aseguramiento%20y%20pruebas%20de%20calidad%20de%20Software/Proyectos/TechSpec_Ecommerce/backend/node_modules/@vitest/expect/dist/index.js:1399:26)\n    at Proxy.<anonymous> (file:///D:/UNSCH/2026-I/Aseguramiento%20y%20pruebas%20de%20calidad%20de%20Software/Proyectos/TechSpec_Ecommerce/backend/node_modules/@vitest/expect/dist/index.js:1408:29)\n    at Proxy.<anonymous> (file:///D:/UNSCH/2026-I/Aseguramiento%20y%20pruebas%20de%20calidad%20de%20Software/Proyectos/TechSpec_Ecommerce/backend/node_modules/@vitest/expect/dist/index.js:1156:15)\n    at Proxy.methodWrapper (file:///D:/UNSCH/2026-I/Aseguramiento%20y%20pruebas%20de%20calidad%20de%20Software/Proyectos/TechSpec_Ecommerce/backend/node_modules/chai/index.js:1700:25)\n    at D:/UNSCH/2026-I/Aseguramiento y pruebas de calidad de Software/Proyectos/TechSpec_Ecommerce/backend/tests/integration/checkout.test.ts:96:34\n    at processTicksAndRejections (node:internal/process/task_queues:105:5)\n    at file:///D:/UNSCH/2026-I/Aseguramiento%20y%20pruebas%20de%20calidad%20de%20Software/Proyectos/TechSpec_Ecommerce/backend/node_modules/@vitest/runner/dist/chunk-artifact.js:1903:20"],"meta":{},"tags":[]},{"ancestorTitles":["Cart & Checkout Integration","Checkout API"],"fullName":"Cart & Checkout Integration Checkout API should get user orders","status":"failed","title":"should get user orders","duration":7.07650000000001,"failureMessages":["TypeError: Cannot read properties of undefined (reading 'length')\n    at D:/UNSCH/2026-I/Aseguramiento y pruebas de calidad de Software/Proyectos/TechSpec_Ecommerce/backend/tests/integration/checkout.test.ts:113:33\n    at processTicksAndRejections (node:internal/process/task_queues:105:5)\n    at file:///D:/UNSCH/2026-I/Aseguramiento%20y%20pruebas%20de%20calidad%20de%20Software/Proyectos/TechSpec_Ecommerce/backend/node_modules/@vitest/runner/dist/chunk-artifact.js:1903:20"],"meta":{},"tags":[]}],"startTime":1783448526991,"endTime":1783448527083.0764,"status":"failed","message":"","name":"D:/UNSCH/2026-I/Aseguramiento y pruebas de calidad de Software/Proyectos/TechSpec_Ecommerce/backend/tests/integration/checkout.test.ts"},{"assertionResults":[{"ancestorTitles":["AdminService","getSiteSettings"],"fullName":"AdminService getSiteSettings should return site settings for a section","status":"passed","title":"should return site settings for a section","duration":2.4787000000000035,"failureMessages":[],"meta":{},"tags":[]},{"ancestorTitles":["AdminService","updateSiteSettings"],"fullName":"AdminService updateSiteSettings should upsert site settings and not delete image if not provided","status":"passed","title":"should upsert site settings and not delete image if not provided","duration":0.4294999999999902,"failureMessages":[],"meta":{},"tags":[]},{"ancestorTitles":["AdminService","updateSiteSettings"],"fullName":"AdminService updateSiteSettings should delete old image from cloudinary if imagePublicId changed","status":"passed","title":"should delete old image from cloudinary if imagePublicId changed","duration":0.2400000000000091,"failureMessages":[],"meta":{},"tags":[]},{"ancestorTitles":["AdminService","getDashboardStats"],"fullName":"AdminService getDashboardStats should return dashboard statistics","status":"passed","title":"should return dashboard statistics","duration":1.2171999999999912,"failureMessages":[],"meta":{},"tags":[]}],"startTime":1783448530167,"endTime":1783448530172.2173,"status":"passed","message":"","name":"D:/UNSCH/2026-I/Aseguramiento y pruebas de calidad de Software/Proyectos/TechSpec_Ecommerce/backend/tests/unit/admin.service.test.ts"},{"assertionResults":[{"ancestorTitles":["AuthService","register"],"fullName":"AuthService register should register a new user successfully","status":"passed","title":"should register a new user successfully","duration":2.4442999999999984,"failureMessages":[],"meta":{},"tags":[]},{"ancestorTitles":["AuthService","register"],"fullName":"AuthService register should throw an error if email already exists","status":"passed","title":"should throw an error if email already exists","duration":0.7547000000000139,"failureMessages":[],"meta":{},"tags":[]},{"ancestorTitles":["AuthService","login"],"fullName":"AuthService login should login user successfully","status":"passed","title":"should login user successfully","duration":0.2880999999999858,"failureMessages":[],"meta":{},"tags":[]},{"ancestorTitles":["AuthService","login"],"fullName":"AuthService login should throw an error for invalid credentials","status":"passed","title":"should throw an error for invalid credentials","duration":0.3313999999999737,"failureMessages":[],"meta":{},"tags":[]}],"startTime":1783448530471,"endTime":1783448530475.3313,"status":"passed","message":"","name":"D:/UNSCH/2026-I/Aseguramiento y pruebas de calidad de Software/Proyectos/TechSpec_Ecommerce/backend/tests/unit/auth.service.test.ts"},{"assertionResults":[{"ancestorTitles":["CartService","getCart"],"fullName":"CartService getCart should return a user cart","status":"passed","title":"should return a user cart","duration":3.193000000000012,"failureMessages":[],"meta":{},"tags":[]},{"ancestorTitles":["CartService","addToCart"],"fullName":"CartService addToCart should update quantity if item already exists in cart","status":"passed","title":"should update quantity if item already exists in cart","duration":0.7454999999999927,"failureMessages":[],"meta":{},"tags":[]},{"ancestorTitles":["CartService","addToCart"],"fullName":"CartService addToCart should create new cart item if it does not exist","status":"passed","title":"should create new cart item if it does not exist","duration":0.38049999999998363,"failureMessages":[],"meta":{},"tags":[]},{"ancestorTitles":["CartService","updateQuantity"],"fullName":"CartService updateQuantity should delete the item if quantity is <= 0","status":"passed","title":"should delete the item if quantity is <= 0","duration":0.36469999999999914,"failureMessages":[],"meta":{},"tags":[]},{"ancestorTitles":["CartService","updateQuantity"],"fullName":"CartService updateQuantity should update quantity if > 0","status":"passed","title":"should update quantity if > 0","duration":0.4358000000000004,"failureMessages":[],"meta":{},"tags":[]},{"ancestorTitles":["CartService","updateQuantity"],"fullName":"CartService updateQuantity should throw an error if item does not exist","status":"passed","title":"should throw an error if item does not exist","duration":0.9975000000000023,"failureMessages":[],"meta":{},"tags":[]},{"ancestorTitles":["CartService","removeFromCart"],"fullName":"CartService removeFromCart should delete an item","status":"passed","title":"should delete an item","duration":0.29710000000000036,"failureMessages":[],"meta":{},"tags":[]},{"ancestorTitles":["CartService","removeFromCart"],"fullName":"CartService removeFromCart should throw an error if item does not exist","status":"passed","title":"should throw an error if item does not exist","duration":0.20640000000000214,"failureMessages":[],"meta":{},"tags":[]},{"ancestorTitles":["CartService","clearCart"],"fullName":"CartService clearCart should delete all cart items for a user","status":"passed","title":"should delete all cart items for a user","duration":0.40399999999999636,"failureMessages":[],"meta":{},"tags":[]}],"startTime":1783448529206,"endTime":1783448529213.404,"status":"passed","message":"","name":"D:/UNSCH/2026-I/Aseguramiento y pruebas de calidad de Software/Proyectos/TechSpec_Ecommerce/backend/tests/unit/cart.service.test.ts"},{"assertionResults":[{"ancestorTitles":["CategoryService","getAllCategories"],"fullName":"CategoryService getAllCategories should return active categories ordered by name","status":"passed","title":"should return active categories ordered by name","duration":2.786200000000008,"failureMessages":[],"meta":{},"tags":[]},{"ancestorTitles":["CategoryService","getAllCategoriesAdmin"],"fullName":"CategoryService getAllCategoriesAdmin should return all categories ordered by name","status":"passed","title":"should return all categories ordered by name","duration":0.46869999999998413,"failureMessages":[],"meta":{},"tags":[]},{"ancestorTitles":["CategoryService","getCategoryById"],"fullName":"CategoryService getCategoryById should return a category by ID","status":"passed","title":"should return a category by ID","duration":0.32980000000000587,"failureMessages":[],"meta":{},"tags":[]},{"ancestorTitles":["CategoryService","createCategory"],"fullName":"CategoryService createCategory should create a new category","status":"passed","title":"should create a new category","duration":0.3464999999999918,"failureMessages":[],"meta":{},"tags":[]},{"ancestorTitles":["CategoryService","updateCategory"],"fullName":"CategoryService updateCategory should update a category","status":"passed","title":"should update a category","duration":0.35540000000000305,"failureMessages":[],"meta":{},"tags":[]},{"ancestorTitles":["CategoryService","deleteCategory"],"fullName":"CategoryService deleteCategory should delete a category if it has no associated products","status":"passed","title":"should delete a category if it has no associated products","duration":0.407100000000014,"failureMessages":[],"meta":{},"tags":[]},{"ancestorTitles":["CategoryService","deleteCategory"],"fullName":"CategoryService deleteCategory should throw an error if category has associated products","status":"passed","title":"should throw an error if category has associated products","duration":1.1281999999999925,"failureMessages":[],"meta":{},"tags":[]}],"startTime":1783448529926,"endTime":1783448529932.1282,"status":"passed","message":"","name":"D:/UNSCH/2026-I/Aseguramiento y pruebas de calidad de Software/Proyectos/TechSpec_Ecommerce/backend/tests/unit/category.service.test.ts"},{"assertionResults":[{"ancestorTitles":["OrderService","getOrdersByUser"],"fullName":"OrderService getOrdersByUser should return orders for a user","status":"passed","title":"should return orders for a user","duration":3.046199999999999,"failureMessages":[],"meta":{},"tags":[]},{"ancestorTitles":["OrderService","getOrderById"],"fullName":"OrderService getOrderById should return an order if it belongs to the user","status":"passed","title":"should return an order if it belongs to the user","duration":0.4508999999999901,"failureMessages":[],"meta":{},"tags":[]},{"ancestorTitles":["OrderService","getOrderById"],"fullName":"OrderService getOrderById should throw an error if order is not found","status":"passed","title":"should throw an error if order is not found","duration":0.9653999999999883,"failureMessages":[],"meta":{},"tags":[]},{"ancestorTitles":["OrderService","getOrderById"],"fullName":"OrderService getOrderById should throw an error if order belongs to a different user","status":"passed","title":"should throw an error if order belongs to a different user","duration":0.33559999999999945,"failureMessages":[],"meta":{},"tags":[]},{"ancestorTitles":["OrderService","createOrderFromCart"],"fullName":"OrderService createOrderFromCart should create an order from cart items","status":"passed","title":"should create an order from cart items","duration":1.0317000000000007,"failureMessages":[],"meta":{},"tags":[]},{"ancestorTitles":["OrderService","createOrderFromCart"],"fullName":"OrderService createOrderFromCart should throw an error if cart is empty","status":"passed","title":"should throw an error if cart is empty","duration":0.2213000000000136,"failureMessages":[],"meta":{},"tags":[]},{"ancestorTitles":["OrderService","createOrderFromCart"],"fullName":"OrderService createOrderFromCart should throw an error if insufficient stock","status":"passed","title":"should throw an error if insufficient stock","duration":0.22700000000000387,"failureMessages":[],"meta":{},"tags":[]},{"ancestorTitles":["OrderService","getAllOrders"],"fullName":"OrderService getAllOrders should return all orders","status":"passed","title":"should return all orders","duration":0.18840000000000146,"failureMessages":[],"meta":{},"tags":[]},{"ancestorTitles":["OrderService","updateOrderStatus"],"fullName":"OrderService updateOrderStatus should update an order status","status":"passed","title":"should update an order status","duration":0.4852999999999952,"failureMessages":[],"meta":{},"tags":[]}],"startTime":1783448529447,"endTime":1783448529454.4854,"status":"passed","message":"","name":"D:/UNSCH/2026-I/Aseguramiento y pruebas de calidad de Software/Proyectos/TechSpec_Ecommerce/backend/tests/unit/order.service.test.ts"},{"assertionResults":[{"ancestorTitles":["ProductService","getProducts"],"fullName":"ProductService getProducts should return paginated active products","status":"passed","title":"should return paginated active products","duration":3.5446000000000026,"failureMessages":[],"meta":{},"tags":[]},{"ancestorTitles":["ProductService","getProductById"],"fullName":"ProductService getProductById should return a product by ID","status":"passed","title":"should return a product by ID","duration":0.43259999999997945,"failureMessages":[],"meta":{},"tags":[]},{"ancestorTitles":["ProductService","createProduct"],"fullName":"ProductService createProduct should create a new product","status":"passed","title":"should create a new product","duration":0.5066000000000201,"failureMessages":[],"meta":{},"tags":[]},{"ancestorTitles":["ProductService","updateProduct"],"fullName":"ProductService updateProduct should update a product and not delete image if imagePublicId is unchanged or not provided","status":"passed","title":"should update a product and not delete image if imagePublicId is unchanged or not provided","duration":0.6507000000000005,"failureMessages":[],"meta":{},"tags":[]},{"ancestorTitles":["ProductService","updateProduct"],"fullName":"ProductService updateProduct should delete old image from cloudinary if imagePublicId is changed","status":"passed","title":"should delete old image from cloudinary if imagePublicId is changed","duration":0.30339999999998213,"failureMessages":[],"meta":{},"tags":[]},{"ancestorTitles":["ProductService","deleteProduct"],"fullName":"ProductService deleteProduct should delete a product and its image from cloudinary","status":"passed","title":"should delete a product and its image from cloudinary","duration":0.43729999999999336,"failureMessages":[],"meta":{},"tags":[]}],"startTime":1783448529689,"endTime":1783448529695.4373,"status":"passed","message":"","name":"D:/UNSCH/2026-I/Aseguramiento y pruebas de calidad de Software/Proyectos/TechSpec_Ecommerce/backend/tests/unit/product.service.test.ts"},{"assertionResults":[{"ancestorTitles":["UserService","getProfile"],"fullName":"UserService getProfile should return user profile if found","status":"passed","title":"should return user profile if found","duration":1.8610000000000184,"failureMessages":[],"meta":{},"tags":[]},{"ancestorTitles":["UserService","getProfile"],"fullName":"UserService getProfile should throw an error if user not found","status":"passed","title":"should throw an error if user not found","duration":0.715299999999985,"failureMessages":[],"meta":{},"tags":[]},{"ancestorTitles":["UserService","updatePassword"],"fullName":"UserService updatePassword should update password successfully","status":"passed","title":"should update password successfully","duration":0.5004999999999882,"failureMessages":[],"meta":{},"tags":[]},{"ancestorTitles":["UserService","updatePassword"],"fullName":"UserService updatePassword should throw if current password does not match","status":"passed","title":"should throw if current password does not match","duration":0.4040999999999997,"failureMessages":[],"meta":{},"tags":[]}],"startTime":1783448530716,"endTime":1783448530719.5005,"status":"passed","message":"","name":"D:/UNSCH/2026-I/Aseguramiento y pruebas de calidad de Software/Proyectos/TechSpec_Ecommerce/backend/tests/unit/user.service.test.ts"}]}